[debug] [2025-08-17T05:18:55.755Z] ----------------------------------------------------------------------
[debug] [2025-08-17T05:18:55.757Z] Command:       /Volumes/GFY/EatADick/.nvm/versions/node/v22.18.0/bin/node /Volumes/GFY/EatADick/.nvm/versions/node/v22.18.0/bin/firebase emulators:start --only functions
[debug] [2025-08-17T05:18:55.757Z] CLI Version:   14.12.0
[debug] [2025-08-17T05:18:55.757Z] Platform:      darwin
[debug] [2025-08-17T05:18:55.757Z] Node Version:  v22.18.0
[debug] [2025-08-17T05:18:55.757Z] Time:          Sat Aug 16 2025 22:18:55 GMT-0700 (Pacific Daylight Time)
[debug] [2025-08-17T05:18:55.757Z] ----------------------------------------------------------------------
[debug] 
[debug] [2025-08-17T05:18:55.894Z] > command requires scopes: ["email","openid","https://www.googleapis.com/auth/cloudplatformprojects.readonly","https://www.googleapis.com/auth/firebase","https://www.googleapis.com/auth/cloud-platform"]
[debug] [2025-08-17T05:18:55.894Z] > authorizing via signed-in user (homelistingai@gmail.com)
[info] i  emulators: Starting emulators: functions {"metadata":{"emulator":{"name":"hub"},"message":"Starting emulators: functions"}}
[debug] [2025-08-17T05:18:56.147Z] [logging] Logging Emulator only supports listening on one address (127.0.0.1). Not listening on ::1
[debug] [2025-08-17T05:18:56.147Z] assigned listening specs for emulators {"user":{"hub":[{"address":"127.0.0.1","family":"IPv4","port":4400},{"address":"::1","family":"IPv6","port":4400}],"ui":[{"address":"127.0.0.1","family":"IPv4","port":4000},{"address":"::1","family":"IPv6","port":4000}],"logging":[{"address":"127.0.0.1","family":"IPv4","port":4500}]},"metadata":{"message":"assigned listening specs for emulators"}}
[debug] [2025-08-17T05:18:56.151Z] [hub] writing locator at /var/folders/zf/lv12mzqj1695c2b8w_84j_240000gn/T/hub-home-listing-ai.json
[debug] [2025-08-17T05:18:56.397Z] [functions] Functions Emulator only supports listening on one address (127.0.0.1). Not listening on ::1
[debug] [2025-08-17T05:18:56.397Z] [eventarc] Eventarc Emulator only supports listening on one address (127.0.0.1). Not listening on ::1
[debug] [2025-08-17T05:18:56.397Z] [tasks] Cloud Tasks Emulator only supports listening on one address (127.0.0.1). Not listening on ::1
[debug] [2025-08-17T05:18:56.398Z] late-assigned ports for functions and eventarc emulators {"user":{"hub":[{"address":"127.0.0.1","family":"IPv4","port":4400},{"address":"::1","family":"IPv6","port":4400}],"ui":[{"address":"127.0.0.1","family":"IPv4","port":4000},{"address":"::1","family":"IPv6","port":4000}],"logging":[{"address":"127.0.0.1","family":"IPv4","port":4500}],"functions":[{"address":"127.0.0.1","family":"IPv4","port":5001}],"eventarc":[{"address":"127.0.0.1","family":"IPv4","port":9299}],"tasks":[{"address":"127.0.0.1","family":"IPv4","port":9499}]},"metadata":{"message":"late-assigned ports for functions and eventarc emulators"}}
[warn] ⚠  functions: The following emulators are not running, calls to these services from the Functions emulator will affect production: apphosting, auth, firestore, database, hosting, pubsub, storage, dataconnect {"metadata":{"emulator":{"name":"functions"},"message":"The following emulators are not running, calls to these services from the Functions emulator will affect production: \u001b[1mapphosting, auth, firestore, database, hosting, pubsub, storage, dataconnect\u001b[22m"}}
[debug] [2025-08-17T05:18:56.407Z] defaultcredentials: writing to file /Volumes/GFY/EatADick/.config/firebase/homelistingai_gmail_com_application_default_credentials.json
[debug] [2025-08-17T05:18:56.408Z] Setting GAC to /Volumes/GFY/EatADick/.config/firebase/homelistingai_gmail_com_application_default_credentials.json {"metadata":{"emulator":{"name":"functions"},"message":"Setting GAC to /Volumes/GFY/EatADick/.config/firebase/homelistingai_gmail_com_application_default_credentials.json"}}
[debug] [2025-08-17T05:18:56.408Z] Checked if tokens are valid: false, expires at: 1755406862328
[debug] [2025-08-17T05:18:56.408Z] Checked if tokens are valid: false, expires at: 1755406862328
[debug] [2025-08-17T05:18:56.409Z] > refreshing access token with scopes: []
[debug] [2025-08-17T05:18:56.409Z] >>> [apiv2][query] POST https://www.googleapis.com/oauth2/v3/token [none]
[debug] [2025-08-17T05:18:56.409Z] >>> [apiv2][body] POST https://www.googleapis.com/oauth2/v3/token [omitted]
[debug] [2025-08-17T05:18:56.660Z] <<< [apiv2][status] POST https://www.googleapis.com/oauth2/v3/token 200
[debug] [2025-08-17T05:18:56.660Z] <<< [apiv2][body] POST https://www.googleapis.com/oauth2/v3/token [omitted]
[debug] [2025-08-17T05:18:56.737Z] >>> [apiv2][query] GET https://firebase.googleapis.com/v1beta1/projects/home-listing-ai/adminSdkConfig [none]
[debug] [2025-08-17T05:18:57.280Z] <<< [apiv2][status] GET https://firebase.googleapis.com/v1beta1/projects/home-listing-ai/adminSdkConfig 200
[debug] [2025-08-17T05:18:57.280Z] <<< [apiv2][body] GET https://firebase.googleapis.com/v1beta1/projects/home-listing-ai/adminSdkConfig {"projectId":"home-listing-ai","storageBucket":"home-listing-ai.firebasestorage.app"}
[info] i  ui: downloading ui-v1.15.0.zip... {"metadata":{"emulator":{"name":"ui"},"message":"downloading ui-v1.15.0.zip..."}}
[debug] [2025-08-17T05:18:57.314Z] >>> [apiv2][query] GET https://storage.googleapis.com/firebase-preview-drop/emulator/ui-v1.15.0.zip 
[debug] [2025-08-17T05:18:57.578Z] <<< [apiv2][status] GET https://storage.googleapis.com/firebase-preview-drop/emulator/ui-v1.15.0.zip 200
[debug] [2025-08-17T05:18:57.578Z] <<< [apiv2][body] GET https://storage.googleapis.com/firebase-preview-drop/emulator/ui-v1.15.0.zip [stream]
[debug] [2025-08-17T05:18:58.130Z] Data is 3538469
[debug] [2025-08-17T05:18:58.130Z] [unzip] Entry: client/ (compressed_size=0 bytes, uncompressed_size=0 bytes)
[debug] [2025-08-17T05:18:58.130Z] [unzip] Processing entry: client/
[debug] [2025-08-17T05:18:58.130Z] [unzip] mkdir: /Volumes/GFY/EatADick/.cache/firebase/emulators/ui-v1.15.0/client/
[debug] [2025-08-17T05:18:58.131Z] [unzip] Entry: client/favicon-16x16.png (compressed_size=293 bytes, uncompressed_size=293 bytes)
[debug] [2025-08-17T05:18:58.131Z] [unzip] Processing entry: client/favicon-16x16.png
[debug] [2025-08-17T05:18:58.131Z] [unzip] else mkdir: /Volumes/GFY/EatADick/.cache/firebase/emulators/ui-v1.15.0/client
[debug] [2025-08-17T05:18:58.131Z] [unzip] Writing file: /Volumes/GFY/EatADick/.cache/firebase/emulators/ui-v1.15.0/client/favicon-16x16.png
[debug] [2025-08-17T05:18:58.131Z] [unzip] Entry: client/safari-pinned-tab.svg (compressed_size=1433 bytes, uncompressed_size=2611 bytes)
[debug] [2025-08-17T05:18:58.131Z] [unzip] Processing entry: client/safari-pinned-tab.svg
[debug] [2025-08-17T05:18:58.131Z] [unzip] else mkdir: /Volumes/GFY/EatADick/.cache/firebase/emulators/ui-v1.15.0/client
[debug] [2025-08-17T05:18:58.131Z] [unzip] deflating: /Volumes/GFY/EatADick/.cache/firebase/emulators/ui-v1.15.0/client/safari-pinned-tab.svg
[debug] [2025-08-17T05:18:58.132Z] [unzip] Entry: client/favicon.ico (compressed_size=2933 bytes, uncompressed_size=13294 bytes)
[debug] [2025-08-17T05:18:58.132Z] [unzip] Processing entry: client/favicon.ico
[debug] [2025-08-17T05:18:58.132Z] [unzip] else mkdir: /Volumes/GFY/EatADick/.cache/firebase/emulators/ui-v1.15.0/client
[debug] [2025-08-17T05:18:58.133Z] [unzip] deflating: /Volumes/GFY/EatADick/.cache/firebase/emulators/ui-v1.15.0/client/favicon.ico
[debug] [2025-08-17T05:18:58.133Z] [unzip] Entry: client/index.html (compressed_size=1364 bytes, uncompressed_size=3071 bytes)
[debug] [2025-08-17T05:18:58.133Z] [unzip] Processing entry: client/index.html
[debug] [2025-08-17T05:18:58.133Z] [unzip] else mkdir: /Volumes/GFY/EatADick/.cache/firebase/emulators/ui-v1.15.0/client
[debug] [2025-08-17T05:18:58.133Z] [unzip] deflating: /Volumes/GFY/EatADick/.cache/firebase/emulators/ui-v1.15.0/client/index.html
[debug] [2025-08-17T05:18:58.134Z] [unzip] Entry: client/android-chrome-192x192.png (compressed_size=2684 bytes, uncompressed_size=2684 bytes)
[debug] [2025-08-17T05:18:58.134Z] [unzip] Processing entry: client/android-chrome-192x192.png
[debug] [2025-08-17T05:18:58.134Z] [unzip] else mkdir: /Volumes/GFY/EatADick/.cache/firebase/emulators/ui-v1.15.0/client
[debug] [2025-08-17T05:18:58.134Z] [unzip] Writing file: /Volumes/GFY/EatADick/.cache/firebase/emulators/ui-v1.15.0/client/android-chrome-192x192.png
[debug] [2025-08-17T05:18:58.134Z] [unzip] Entry: client/apple-touch-icon.png (compressed_size=2123 bytes, uncompressed_size=2152 bytes)
[debug] [2025-08-17T05:18:58.134Z] [unzip] Processing entry: client/apple-touch-icon.png
[debug] [2025-08-17T05:18:58.134Z] [unzip] else mkdir: /Volumes/GFY/EatADick/.cache/firebase/emulators/ui-v1.15.0/client
[debug] [2025-08-17T05:18:58.134Z] [unzip] deflating: /Volumes/GFY/EatADick/.cache/firebase/emulators/ui-v1.15.0/client/apple-touch-icon.png
[debug] [2025-08-17T05:18:58.135Z] [unzip] Entry: client/android-chrome-512x512.png (compressed_size=5369 bytes, uncompressed_size=5411 bytes)
[debug] [2025-08-17T05:18:58.135Z] [unzip] Processing entry: client/android-chrome-512x512.png
[debug] [2025-08-17T05:18:58.135Z] [unzip] else mkdir: /Volumes/GFY/EatADick/.cache/firebase/emulators/ui-v1.15.0/client
[debug] [2025-08-17T05:18:58.135Z] [unzip] deflating: /Volumes/GFY/EatADick/.cache/firebase/emulators/ui-v1.15.0/client/android-chrome-512x512.png
[debug] [2025-08-17T05:18:58.135Z] [unzip] Entry: client/manifest.json (compressed_size=245 bytes, uncompressed_size=551 bytes)
[debug] [2025-08-17T05:18:58.135Z] [unzip] Processing entry: client/manifest.json
[debug] [2025-08-17T05:18:58.135Z] [unzip] else mkdir: /Volumes/GFY/EatADick/.cache/firebase/emulators/ui-v1.15.0/client
[debug] [2025-08-17T05:18:58.135Z] [unzip] deflating: /Volumes/GFY/EatADick/.cache/firebase/emulators/ui-v1.15.0/client/manifest.json
[debug] [2025-08-17T05:18:58.136Z] [unzip] Entry: client/robots.txt (compressed_size=26 bytes, uncompressed_size=26 bytes)
[debug] [2025-08-17T05:18:58.136Z] [unzip] Processing entry: client/robots.txt
[debug] [2025-08-17T05:18:58.136Z] [unzip] else mkdir: /Volumes/GFY/EatADick/.cache/firebase/emulators/ui-v1.15.0/client
[debug] [2025-08-17T05:18:58.136Z] [unzip] Writing file: /Volumes/GFY/EatADick/.cache/firebase/emulators/ui-v1.15.0/client/robots.txt
[debug] [2025-08-17T05:18:58.137Z] [unzip] Entry: client/mstile-150x150.png (compressed_size=2034 bytes, uncompressed_size=2034 bytes)
[debug] [2025-08-17T05:18:58.138Z] [unzip] Processing entry: client/mstile-150x150.png
[debug] [2025-08-17T05:18:58.138Z] [unzip] else mkdir: /Volumes/GFY/EatADick/.cache/firebase/emulators/ui-v1.15.0/client
[debug] [2025-08-17T05:18:58.138Z] [unzip] Writing file: /Volumes/GFY/EatADick/.cache/firebase/emulators/ui-v1.15.0/client/mstile-150x150.png
[debug] [2025-08-17T05:18:58.138Z] [unzip] Entry: client/assets/ (compressed_size=0 bytes, uncompressed_size=0 bytes)
[debug] [2025-08-17T05:18:58.138Z] [unzip] Processing entry: client/assets/
[debug] [2025-08-17T05:18:58.138Z] [unzip] mkdir: /Volumes/GFY/EatADick/.cache/firebase/emulators/ui-v1.15.0/client/assets/
[debug] [2025-08-17T05:18:58.138Z] [unzip] Entry: client/assets/index-BX-A56oj.js (compressed_size=582089 bytes, uncompressed_size=2092775 bytes)
[debug] [2025-08-17T05:18:58.138Z] [unzip] Processing entry: client/assets/index-BX-A56oj.js
[debug] [2025-08-17T05:18:58.138Z] [unzip] else mkdir: /Volumes/GFY/EatADick/.cache/firebase/emulators/ui-v1.15.0/client/assets
[debug] [2025-08-17T05:18:58.138Z] [unzip] deflating: /Volumes/GFY/EatADick/.cache/firebase/emulators/ui-v1.15.0/client/assets/index-BX-A56oj.js
[debug] [2025-08-17T05:18:58.144Z] [unzip] Entry: client/assets/index-CjB9C900.css (compressed_size=35979 bytes, uncompressed_size=298654 bytes)
[debug] [2025-08-17T05:18:58.144Z] [unzip] Processing entry: client/assets/index-CjB9C900.css
[debug] [2025-08-17T05:18:58.144Z] [unzip] else mkdir: /Volumes/GFY/EatADick/.cache/firebase/emulators/ui-v1.15.0/client/assets
[debug] [2025-08-17T05:18:58.144Z] [unzip] deflating: /Volumes/GFY/EatADick/.cache/firebase/emulators/ui-v1.15.0/client/assets/index-CjB9C900.css
[debug] [2025-08-17T05:18:58.145Z] [unzip] Entry: client/assets/index-BX-A56oj.js.map (compressed_size=2362482 bytes, uncompressed_size=10036679 bytes)
[debug] [2025-08-17T05:18:58.145Z] [unzip] Processing entry: client/assets/index-BX-A56oj.js.map
[debug] [2025-08-17T05:18:58.145Z] [unzip] else mkdir: /Volumes/GFY/EatADick/.cache/firebase/emulators/ui-v1.15.0/client/assets
[debug] [2025-08-17T05:18:58.145Z] [unzip] deflating: /Volumes/GFY/EatADick/.cache/firebase/emulators/ui-v1.15.0/client/assets/index-BX-A56oj.js.map
[debug] [2025-08-17T05:18:58.404Z] [unzip] Entry: client/assets/extensions/ (compressed_size=0 bytes, uncompressed_size=0 bytes)
[debug] [2025-08-17T05:18:58.404Z] [unzip] Processing entry: client/assets/extensions/
[debug] [2025-08-17T05:18:58.404Z] [unzip] mkdir: /Volumes/GFY/EatADick/.cache/firebase/emulators/ui-v1.15.0/client/assets/extensions/
[debug] [2025-08-17T05:18:58.404Z] [unzip] Entry: client/assets/extensions/default-extension.png (compressed_size=1646 bytes, uncompressed_size=1657 bytes)
[debug] [2025-08-17T05:18:58.404Z] [unzip] Processing entry: client/assets/extensions/default-extension.png
[debug] [2025-08-17T05:18:58.404Z] [unzip] else mkdir: /Volumes/GFY/EatADick/.cache/firebase/emulators/ui-v1.15.0/client/assets/extensions
[debug] [2025-08-17T05:18:58.404Z] [unzip] deflating: /Volumes/GFY/EatADick/.cache/firebase/emulators/ui-v1.15.0/client/assets/extensions/default-extension.png
[debug] [2025-08-17T05:18:58.405Z] [unzip] Entry: client/assets/img/ (compressed_size=0 bytes, uncompressed_size=0 bytes)
[debug] [2025-08-17T05:18:58.405Z] [unzip] Processing entry: client/assets/img/
[debug] [2025-08-17T05:18:58.405Z] [unzip] mkdir: /Volumes/GFY/EatADick/.cache/firebase/emulators/ui-v1.15.0/client/assets/img/
[debug] [2025-08-17T05:18:58.405Z] [unzip] Entry: client/assets/img/database.png (compressed_size=29449 bytes, uncompressed_size=29988 bytes)
[debug] [2025-08-17T05:18:58.405Z] [unzip] Processing entry: client/assets/img/database.png
[debug] [2025-08-17T05:18:58.405Z] [unzip] else mkdir: /Volumes/GFY/EatADick/.cache/firebase/emulators/ui-v1.15.0/client/assets/img
[debug] [2025-08-17T05:18:58.405Z] [unzip] deflating: /Volumes/GFY/EatADick/.cache/firebase/emulators/ui-v1.15.0/client/assets/img/database.png
[debug] [2025-08-17T05:18:58.405Z] [unzip] Entry: client/assets/provider-icons/ (compressed_size=0 bytes, uncompressed_size=0 bytes)
[debug] [2025-08-17T05:18:58.405Z] [unzip] Processing entry: client/assets/provider-icons/
[debug] [2025-08-17T05:18:58.405Z] [unzip] mkdir: /Volumes/GFY/EatADick/.cache/firebase/emulators/ui-v1.15.0/client/assets/provider-icons/
[debug] [2025-08-17T05:18:58.405Z] [unzip] Entry: client/assets/provider-icons/auth_service_saml.svg (compressed_size=575 bytes, uncompressed_size=1226 bytes)
[debug] [2025-08-17T05:18:58.405Z] [unzip] Processing entry: client/assets/provider-icons/auth_service_saml.svg
[debug] [2025-08-17T05:18:58.405Z] [unzip] else mkdir: /Volumes/GFY/EatADick/.cache/firebase/emulators/ui-v1.15.0/client/assets/provider-icons
[debug] [2025-08-17T05:18:58.405Z] [unzip] deflating: /Volumes/GFY/EatADick/.cache/firebase/emulators/ui-v1.15.0/client/assets/provider-icons/auth_service_saml.svg
[debug] [2025-08-17T05:18:58.406Z] [unzip] Entry: client/assets/provider-icons/auth_service_phone.svg (compressed_size=261 bytes, uncompressed_size=414 bytes)
[debug] [2025-08-17T05:18:58.406Z] [unzip] Processing entry: client/assets/provider-icons/auth_service_phone.svg
[debug] [2025-08-17T05:18:58.406Z] [unzip] else mkdir: /Volumes/GFY/EatADick/.cache/firebase/emulators/ui-v1.15.0/client/assets/provider-icons
[debug] [2025-08-17T05:18:58.406Z] [unzip] deflating: /Volumes/GFY/EatADick/.cache/firebase/emulators/ui-v1.15.0/client/assets/provider-icons/auth_service_phone.svg
[debug] [2025-08-17T05:18:58.406Z] [unzip] Entry: client/assets/provider-icons/auth_service_facebook.svg (compressed_size=289 bytes, uncompressed_size=457 bytes)
[debug] [2025-08-17T05:18:58.406Z] [unzip] Processing entry: client/assets/provider-icons/auth_service_facebook.svg
[debug] [2025-08-17T05:18:58.406Z] [unzip] else mkdir: /Volumes/GFY/EatADick/.cache/firebase/emulators/ui-v1.15.0/client/assets/provider-icons
[debug] [2025-08-17T05:18:58.406Z] [unzip] deflating: /Volumes/GFY/EatADick/.cache/firebase/emulators/ui-v1.15.0/client/assets/provider-icons/auth_service_facebook.svg
[debug] [2025-08-17T05:18:58.407Z] [unzip] Entry: client/assets/provider-icons/auth_service_game_center.svg (compressed_size=991 bytes, uncompressed_size=3921 bytes)
[debug] [2025-08-17T05:18:58.407Z] [unzip] Processing entry: client/assets/provider-icons/auth_service_game_center.svg
[debug] [2025-08-17T05:18:58.407Z] [unzip] else mkdir: /Volumes/GFY/EatADick/.cache/firebase/emulators/ui-v1.15.0/client/assets/provider-icons
[debug] [2025-08-17T05:18:58.407Z] [unzip] deflating: /Volumes/GFY/EatADick/.cache/firebase/emulators/ui-v1.15.0/client/assets/provider-icons/auth_service_game_center.svg
[debug] [2025-08-17T05:18:58.407Z] [unzip] Entry: client/assets/provider-icons/auth_service_apple.svg (compressed_size=230 bytes, uncompressed_size=334 bytes)
[debug] [2025-08-17T05:18:58.407Z] [unzip] Processing entry: client/assets/provider-icons/auth_service_apple.svg
[debug] [2025-08-17T05:18:58.407Z] [unzip] else mkdir: /Volumes/GFY/EatADick/.cache/firebase/emulators/ui-v1.15.0/client/assets/provider-icons
[debug] [2025-08-17T05:18:58.407Z] [unzip] deflating: /Volumes/GFY/EatADick/.cache/firebase/emulators/ui-v1.15.0/client/assets/provider-icons/auth_service_apple.svg
[debug] [2025-08-17T05:18:58.407Z] [unzip] Entry: client/assets/provider-icons/auth_service_github.svg (compressed_size=466 bytes, uncompressed_size=838 bytes)
[debug] [2025-08-17T05:18:58.407Z] [unzip] Processing entry: client/assets/provider-icons/auth_service_github.svg
[debug] [2025-08-17T05:18:58.407Z] [unzip] else mkdir: /Volumes/GFY/EatADick/.cache/firebase/emulators/ui-v1.15.0/client/assets/provider-icons
[debug] [2025-08-17T05:18:58.407Z] [unzip] deflating: /Volumes/GFY/EatADick/.cache/firebase/emulators/ui-v1.15.0/client/assets/provider-icons/auth_service_github.svg
[debug] [2025-08-17T05:18:58.408Z] [unzip] Entry: client/assets/provider-icons/auth_service_mslive.svg (compressed_size=203 bytes, uncompressed_size=378 bytes)
[debug] [2025-08-17T05:18:58.408Z] [unzip] Processing entry: client/assets/provider-icons/auth_service_mslive.svg
[debug] [2025-08-17T05:18:58.408Z] [unzip] else mkdir: /Volumes/GFY/EatADick/.cache/firebase/emulators/ui-v1.15.0/client/assets/provider-icons
[debug] [2025-08-17T05:18:58.408Z] [unzip] deflating: /Volumes/GFY/EatADick/.cache/firebase/emulators/ui-v1.15.0/client/assets/provider-icons/auth_service_mslive.svg
[debug] [2025-08-17T05:18:58.408Z] [unzip] Entry: client/assets/provider-icons/auth_service_yahoo.svg (compressed_size=577 bytes, uncompressed_size=1182 bytes)
[debug] [2025-08-17T05:18:58.408Z] [unzip] Processing entry: client/assets/provider-icons/auth_service_yahoo.svg
[debug] [2025-08-17T05:18:58.408Z] [unzip] else mkdir: /Volumes/GFY/EatADick/.cache/firebase/emulators/ui-v1.15.0/client/assets/provider-icons
[debug] [2025-08-17T05:18:58.408Z] [unzip] deflating: /Volumes/GFY/EatADick/.cache/firebase/emulators/ui-v1.15.0/client/assets/provider-icons/auth_service_yahoo.svg
[debug] [2025-08-17T05:18:58.408Z] [unzip] Entry: client/assets/provider-icons/auth_service_twitter.svg (compressed_size=444 bytes, uncompressed_size=751 bytes)
[debug] [2025-08-17T05:18:58.409Z] [unzip] Processing entry: client/assets/provider-icons/auth_service_twitter.svg
[debug] [2025-08-17T05:18:58.409Z] [unzip] else mkdir: /Volumes/GFY/EatADick/.cache/firebase/emulators/ui-v1.15.0/client/assets/provider-icons
[debug] [2025-08-17T05:18:58.409Z] [unzip] deflating: /Volumes/GFY/EatADick/.cache/firebase/emulators/ui-v1.15.0/client/assets/provider-icons/auth_service_twitter.svg
[debug] [2025-08-17T05:18:58.409Z] [unzip] Entry: client/assets/provider-icons/auth_service_play_games.svg (compressed_size=565 bytes, uncompressed_size=1173 bytes)
[debug] [2025-08-17T05:18:58.409Z] [unzip] Processing entry: client/assets/provider-icons/auth_service_play_games.svg
[debug] [2025-08-17T05:18:58.409Z] [unzip] else mkdir: /Volumes/GFY/EatADick/.cache/firebase/emulators/ui-v1.15.0/client/assets/provider-icons
[debug] [2025-08-17T05:18:58.409Z] [unzip] deflating: /Volumes/GFY/EatADick/.cache/firebase/emulators/ui-v1.15.0/client/assets/provider-icons/auth_service_play_games.svg
[debug] [2025-08-17T05:18:58.409Z] [unzip] Entry: client/assets/provider-icons/auth_service_email.svg (compressed_size=228 bytes, uncompressed_size=326 bytes)
[debug] [2025-08-17T05:18:58.409Z] [unzip] Processing entry: client/assets/provider-icons/auth_service_email.svg
[debug] [2025-08-17T05:18:58.409Z] [unzip] else mkdir: /Volumes/GFY/EatADick/.cache/firebase/emulators/ui-v1.15.0/client/assets/provider-icons
[debug] [2025-08-17T05:18:58.409Z] [unzip] deflating: /Volumes/GFY/EatADick/.cache/firebase/emulators/ui-v1.15.0/client/assets/provider-icons/auth_service_email.svg
[debug] [2025-08-17T05:18:58.410Z] [unzip] Entry: client/assets/provider-icons/auth_service_google.svg (compressed_size=409 bytes, uncompressed_size=720 bytes)
[debug] [2025-08-17T05:18:58.410Z] [unzip] Processing entry: client/assets/provider-icons/auth_service_google.svg
[debug] [2025-08-17T05:18:58.410Z] [unzip] else mkdir: /Volumes/GFY/EatADick/.cache/firebase/emulators/ui-v1.15.0/client/assets/provider-icons
[debug] [2025-08-17T05:18:58.410Z] [unzip] deflating: /Volumes/GFY/EatADick/.cache/firebase/emulators/ui-v1.15.0/client/assets/provider-icons/auth_service_google.svg
[debug] [2025-08-17T05:18:58.410Z] [unzip] Entry: client/assets/provider-icons/auth_service_oidc.svg (compressed_size=414 bytes, uncompressed_size=858 bytes)
[debug] [2025-08-17T05:18:58.410Z] [unzip] Processing entry: client/assets/provider-icons/auth_service_oidc.svg
[debug] [2025-08-17T05:18:58.410Z] [unzip] else mkdir: /Volumes/GFY/EatADick/.cache/firebase/emulators/ui-v1.15.0/client/assets/provider-icons
[debug] [2025-08-17T05:18:58.410Z] [unzip] deflating: /Volumes/GFY/EatADick/.cache/firebase/emulators/ui-v1.15.0/client/assets/provider-icons/auth_service_oidc.svg
[debug] [2025-08-17T05:18:58.410Z] [unzip] Entry: client/browserconfig.xml (compressed_size=491 bytes, uncompressed_size=822 bytes)
[debug] [2025-08-17T05:18:58.410Z] [unzip] Processing entry: client/browserconfig.xml
[debug] [2025-08-17T05:18:58.410Z] [unzip] else mkdir: /Volumes/GFY/EatADick/.cache/firebase/emulators/ui-v1.15.0/client
[debug] [2025-08-17T05:18:58.410Z] [unzip] deflating: /Volumes/GFY/EatADick/.cache/firebase/emulators/ui-v1.15.0/client/browserconfig.xml
[debug] [2025-08-17T05:18:58.411Z] [unzip] Entry: client/favicon-32x32.png (compressed_size=475 bytes, uncompressed_size=475 bytes)
[debug] [2025-08-17T05:18:58.411Z] [unzip] Processing entry: client/favicon-32x32.png
[debug] [2025-08-17T05:18:58.411Z] [unzip] else mkdir: /Volumes/GFY/EatADick/.cache/firebase/emulators/ui-v1.15.0/client
[debug] [2025-08-17T05:18:58.411Z] [unzip] Writing file: /Volumes/GFY/EatADick/.cache/firebase/emulators/ui-v1.15.0/client/favicon-32x32.png
[debug] [2025-08-17T05:18:58.411Z] [unzip] Entry: server/ (compressed_size=0 bytes, uncompressed_size=0 bytes)
[debug] [2025-08-17T05:18:58.411Z] [unzip] Processing entry: server/
[debug] [2025-08-17T05:18:58.411Z] [unzip] mkdir: /Volumes/GFY/EatADick/.cache/firebase/emulators/ui-v1.15.0/server/
[debug] [2025-08-17T05:18:58.411Z] [unzip] Entry: server/server.mjs.map (compressed_size=217845 bytes, uncompressed_size=944978 bytes)
[debug] [2025-08-17T05:18:58.411Z] [unzip] Processing entry: server/server.mjs.map
[debug] [2025-08-17T05:18:58.411Z] [unzip] else mkdir: /Volumes/GFY/EatADick/.cache/firebase/emulators/ui-v1.15.0/server
[debug] [2025-08-17T05:18:58.411Z] [unzip] deflating: /Volumes/GFY/EatADick/.cache/firebase/emulators/ui-v1.15.0/server/server.mjs.map
[debug] [2025-08-17T05:18:58.464Z] [unzip] Entry: server/server.mjs (compressed_size=276407 bytes, uncompressed_size=933701 bytes)
[debug] [2025-08-17T05:18:58.464Z] [unzip] Processing entry: server/server.mjs
[debug] [2025-08-17T05:18:58.464Z] [unzip] else mkdir: /Volumes/GFY/EatADick/.cache/firebase/emulators/ui-v1.15.0/server
[debug] [2025-08-17T05:18:58.464Z] [unzip] deflating: /Volumes/GFY/EatADick/.cache/firebase/emulators/ui-v1.15.0/server/server.mjs
[info] i  functions: Watching "/Volumes/GFY/EatADick/home-listing-ai-app/functions" for Cloud Functions... {"metadata":{"emulator":{"name":"functions"},"message":"Watching \"/Volumes/GFY/EatADick/home-listing-ai-app/functions\" for Cloud Functions..."}}
[debug] [2025-08-17T05:18:58.490Z] Validating nodejs source
[debug] [2025-08-17T05:18:59.189Z] > [functions] package.json contents: {
  "name": "functions",
  "description": "Cloud Functions for Firebase",
  "scripts": {
    "lint": "eslint .",
    "serve": "firebase emulators:start --only functions",
    "shell": "firebase functions:shell",
    "start": "npm run shell",
    "deploy": "firebase deploy --only functions",
    "logs": "firebase functions:log",
    "build": "tsc"
  },
  "engines": {
    "node": "20"
  },
  "main": "lib/index.js",
  "dependencies": {
    "@google-cloud/speech": "^6.0.0",
    "@google-cloud/text-to-speech": "^5.0.0",
    "@google/generative-ai": "^0.24.1",
    "@paypal/paypal-server-sdk": "^1.1.0",
    "@sendgrid/mail": "^8.0.0",
    "cors": "^2.8.5",
    "firebase-admin": "^12.0.0",
    "firebase-functions": "^6.4.0",
    "helmet": "^7.0.0",
    "joi": "^17.9.0",
    "mammoth": "^1.6.0",
    "multer": "^1.4.5-lts.1",
    "nodemailer": "^6.9.0",
    "pdf-parse": "^1.1.1",
    "rate-limiter-flexible": "^3.0.0",
    "sharp": "^0.33.2",
    "stripe": "^14.0.0",
    "tesseract.js": "^5.0.4"
  },
  "devDependencies": {
    "@types/cors": "^2.8.0",
    "@types/multer": "^1.4.11",
    "@types/nodemailer": "^6.4.0",
    "@types/pdf-parse": "^1.1.5",
    "@typescript-eslint/eslint-plugin": "^5.12.0",
    "@typescript-eslint/parser": "^5.12.0",
    "eslint": "^8.9.0",
    "eslint-plugin-import": "^2.25.4",
    "firebase-functions-test": "^3.1.0",
    "typescript": "^5.4.5"
  },
  "private": true
}
[debug] [2025-08-17T05:18:59.189Z] Building nodejs source
[debug] [2025-08-17T05:18:59.190Z] Failed to find version of module node: reached end of search path /Volumes/GFY/EatADick/home-listing-ai-app/functions/node_modules
[warn] ⚠  functions: Your requested "node" version "20" doesn't match your global version "22". Using node@22 from host. 
[debug] [2025-08-17T05:18:59.190Z] Could not find functions.yaml. Must use http discovery
[debug] [2025-08-17T05:18:59.195Z] Found firebase-functions binary at '/Volumes/GFY/EatADick/home-listing-ai-app/functions/node_modules/.bin/firebase-functions'
[info] Serving at port 8884

[debug] [2025-08-17T05:19:00.152Z] Got response from /__/functions.yaml {"endpoints":{"transcribeVoice":{"availableMemoryMb":null,"timeoutSeconds":null,"minInstances":null,"maxInstances":null,"ingressSettings":null,"concurrency":null,"serviceAccountEmail":null,"vpc":null,"platform":"gcfv2","labels":{},"callableTrigger":{},"entryPoint":"transcribeVoice"},"voiceChatResponse":{"availableMemoryMb":null,"timeoutSeconds":null,"minInstances":null,"maxInstances":null,"ingressSettings":null,"concurrency":null,"serviceAccountEmail":null,"vpc":null,"platform":"gcfv2","labels":{},"callableTrigger":{},"entryPoint":"voiceChatResponse"},"generateSpeech":{"availableMemoryMb":null,"timeoutSeconds":null,"minInstances":null,"maxInstances":null,"ingressSettings":null,"concurrency":null,"serviceAccountEmail":null,"vpc":null,"platform":"gcfv2","labels":{},"callableTrigger":{},"entryPoint":"generateSpeech"},"generatePropertyDescription":{"availableMemoryMb":null,"timeoutSeconds":null,"minInstances":null,"maxInstances":null,"ingressSettings":null,"concurrency":null,"serviceAccountEmail":null,"vpc":null,"platform":"gcfv2","labels":{},"callableTrigger":{},"entryPoint":"generatePropertyDescription"},"answerPropertyQuestion":{"availableMemoryMb":null,"timeoutSeconds":null,"minInstances":null,"maxInstances":null,"ingressSettings":null,"concurrency":null,"serviceAccountEmail":null,"vpc":null,"platform":"gcfv2","labels":{},"callableTrigger":{},"entryPoint":"answerPropertyQuestion"},"continueConversation":{"availableMemoryMb":null,"timeoutSeconds":null,"minInstances":null,"maxInstances":null,"ingressSettings":null,"concurrency":null,"serviceAccountEmail":null,"vpc":null,"platform":"gcfv2","labels":{},"callableTrigger":{},"entryPoint":"continueConversation"},"getMarketAnalysis":{"availableMemoryMb":null,"timeoutSeconds":null,"minInstances":null,"maxInstances":null,"ingressSettings":null,"concurrency":null,"serviceAccountEmail":null,"vpc":null,"platform":"gcfv2","labels":{},"callableTrigger":{},"entryPoint":"getMarketAnalysis"},"generatePropertyReport":{"availableMemoryMb":null,"timeoutSeconds":null,"minInstances":null,"maxInstances":null,"ingressSettings":null,"concurrency":null,"serviceAccountEmail":null,"vpc":null,"platform":"gcfv2","labels":{},"callableTrigger":{},"entryPoint":"generatePropertyReport"},"generateBlogPost":{"availableMemoryMb":null,"timeoutSeconds":null,"minInstances":null,"maxInstances":null,"ingressSettings":null,"concurrency":null,"serviceAccountEmail":null,"vpc":null,"platform":"gcfv2","labels":{},"callableTrigger":{},"entryPoint":"generateBlogPost"},"generateSocialPostText":{"availableMemoryMb":null,"timeoutSeconds":null,"minInstances":null,"maxInstances":null,"ingressSettings":null,"concurrency":null,"serviceAccountEmail":null,"vpc":null,"platform":"gcfv2","labels":{},"callableTrigger":{},"entryPoint":"generateSocialPostText"},"getLocalInfo":{"availableMemoryMb":null,"timeoutSeconds":null,"minInstances":null,"maxInstances":null,"ingressSettings":null,"concurrency":null,"serviceAccountEmail":null,"vpc":null,"platform":"gcfv2","labels":{},"callableTrigger":{},"entryPoint":"getLocalInfo"},"uploadFile":{"availableMemoryMb":null,"timeoutSeconds":null,"minInstances":null,"maxInstances":null,"ingressSettings":null,"concurrency":null,"serviceAccountEmail":null,"vpc":null,"platform":"gcfv2","labels":{},"callableTrigger":{},"entryPoint":"uploadFile"},"processDocument":{"availableMemoryMb":null,"timeoutSeconds":null,"minInstances":null,"maxInstances":null,"ingressSettings":null,"concurrency":null,"serviceAccountEmail":null,"vpc":null,"platform":"gcfv2","labels":{},"callableTrigger":{},"entryPoint":"processDocument"},"storeKnowledgeBase":{"availableMemoryMb":null,"timeoutSeconds":null,"minInstances":null,"maxInstances":null,"ingressSettings":null,"concurrency":null,"serviceAccountEmail":null,"vpc":null,"platform":"gcfv2","labels":{},"callableTrigger":{},"entryPoint":"storeKnowledgeBase"},"deleteFile":{"availableMemoryMb":null,"timeoutSeconds":null,"minInstances":null,"maxInstances":null,"ingressSettings":null,"concurrency":null,"serviceAccountEmail":null,"vpc":null,"platform":"gcfv2","labels":{},"callableTrigger":{},"entryPoint":"deleteFile"},"getUserFiles":{"availableMemoryMb":null,"timeoutSeconds":null,"minInstances":null,"maxInstances":null,"ingressSettings":null,"concurrency":null,"serviceAccountEmail":null,"vpc":null,"platform":"gcfv2","labels":{},"callableTrigger":{},"entryPoint":"getUserFiles"},"searchKnowledgeBase":{"availableMemoryMb":null,"timeoutSeconds":null,"minInstances":null,"maxInstances":null,"ingressSettings":null,"concurrency":null,"serviceAccountEmail":null,"vpc":null,"platform":"gcfv2","labels":{},"callableTrigger":{},"entryPoint":"searchKnowledgeBase"},"processKnowledgeBase":{"availableMemoryMb":null,"timeoutSeconds":null,"minInstances":null,"maxInstances":null,"ingressSettings":null,"concurrency":null,"serviceAccountEmail":null,"vpc":null,"platform":"gcfv2","labels":{},"callableTrigger":{},"entryPoint":"processKnowledgeBase"},"updateAIContext":{"availableMemoryMb":null,"timeoutSeconds":null,"minInstances":null,"maxInstances":null,"ingressSettings":null,"concurrency":null,"serviceAccountEmail":null,"vpc":null,"platform":"gcfv2","labels":{},"callableTrigger":{},"entryPoint":"updateAIContext"},"trainAIPersonality":{"availableMemoryMb":null,"timeoutSeconds":null,"minInstances":null,"maxInstances":null,"ingressSettings":null,"concurrency":null,"serviceAccountEmail":null,"vpc":null,"platform":"gcfv2","labels":{},"callableTrigger":{},"entryPoint":"trainAIPersonality"},"getAIResponseWithContext":{"availableMemoryMb":null,"timeoutSeconds":null,"minInstances":null,"maxInstances":null,"ingressSettings":null,"concurrency":null,"serviceAccountEmail":null,"vpc":null,"platform":"gcfv2","labels":{},"callableTrigger":{},"entryPoint":"getAIResponseWithContext"},"createAIPersonality":{"availableMemoryMb":null,"timeoutSeconds":null,"minInstances":null,"maxInstances":null,"ingressSettings":null,"concurrency":null,"serviceAccountEmail":null,"vpc":null,"platform":"gcfv2","labels":{},"callableTrigger":{},"entryPoint":"createAIPersonality"},"generateResponse":{"availableMemoryMb":null,"timeoutSeconds":null,"minInstances":null,"maxInstances":null,"ingressSettings":null,"concurrency":null,"serviceAccountEmail":null,"vpc":null,"platform":"gcfv2","labels":{},"callableTrigger":{},"entryPoint":"generateResponse"},"saveTemplate":{"availableMemoryMb":null,"timeoutSeconds":null,"minInstances":null,"maxInstances":null,"ingressSettings":null,"concurrency":null,"serviceAccountEmail":null,"vpc":null,"platform":"gcfv2","labels":{},"callableTrigger":{},"entryPoint":"saveTemplate"},"applyTemplate":{"availableMemoryMb":null,"timeoutSeconds":null,"minInstances":null,"maxInstances":null,"ingressSettings":null,"concurrency":null,"serviceAccountEmail":null,"vpc":null,"platform":"gcfv2","labels":{},"callableTrigger":{},"entryPoint":"applyTemplate"},"getUserTemplates":{"availableMemoryMb":null,"timeoutSeconds":null,"minInstances":null,"maxInstances":null,"ingressSettings":null,"concurrency":null,"serviceAccountEmail":null,"vpc":null,"platform":"gcfv2","labels":{},"callableTrigger":{},"entryPoint":"getUserTemplates"},"getUserPersonalities":{"availableMemoryMb":null,"timeoutSeconds":null,"minInstances":null,"maxInstances":null,"ingressSettings":null,"concurrency":null,"serviceAccountEmail":null,"vpc":null,"platform":"gcfv2","labels":{},"callableTrigger":{},"entryPoint":"getUserPersonalities"},"sendEmail":{"availableMemoryMb":null,"timeoutSeconds":null,"minInstances":null,"maxInstances":null,"ingressSettings":null,"concurrency":null,"serviceAccountEmail":null,"vpc":null,"platform":"gcfv2","labels":{},"callableTrigger":{},"entryPoint":"sendEmail"},"scheduleEmail":{"availableMemoryMb":null,"timeoutSeconds":null,"minInstances":null,"maxInstances":null,"ingressSettings":null,"concurrency":null,"serviceAccountEmail":null,"vpc":null,"platform":"gcfv2","labels":{},"callableTrigger":{},"entryPoint":"scheduleEmail"},"getEmailTemplates":{"availableMemoryMb":null,"timeoutSeconds":null,"minInstances":null,"maxInstances":null,"ingressSettings":null,"concurrency":null,"serviceAccountEmail":null,"vpc":null,"platform":"gcfv2","labels":{},"callableTrigger":{},"entryPoint":"getEmailTemplates"},"trackEmailMetrics":{"availableMemoryMb":null,"timeoutSeconds":null,"minInstances":null,"maxInstances":null,"ingressSettings":null,"concurrency":null,"serviceAccountEmail":null,"vpc":null,"platform":"gcfv2","labels":{},"callableTrigger":{},"entryPoint":"trackEmailMetrics"},"sendBulkEmail":{"availableMemoryMb":null,"timeoutSeconds":null,"minInstances":null,"maxInstances":null,"ingressSettings":null,"concurrency":null,"serviceAccountEmail":null,"vpc":null,"platform":"gcfv2","labels":{},"callableTrigger":{},"entryPoint":"sendBulkEmail"},"getEmailAnalytics":{"availableMemoryMb":null,"timeoutSeconds":null,"minInstances":null,"maxInstances":null,"ingressSettings":null,"concurrency":null,"serviceAccountEmail":null,"vpc":null,"platform":"gcfv2","labels":{},"callableTrigger":{},"entryPoint":"getEmailAnalytics"},"getSecurityReports":{"availableMemoryMb":null,"timeoutSeconds":null,"minInstances":null,"maxInstances":null,"ingressSettings":null,"concurrency":null,"serviceAccountEmail":null,"vpc":null,"platform":"gcfv2","labels":{},"callableTrigger":{},"entryPoint":"getSecurityReports"},"getAuditLogs":{"availableMemoryMb":null,"timeoutSeconds":null,"minInstances":null,"maxInstances":null,"ingressSettings":null,"concurrency":null,"serviceAccountEmail":null,"vpc":null,"platform":"gcfv2","labels":{},"callableTrigger":{},"entryPoint":"getAuditLogs"},"getSecurityAlerts":{"availableMemoryMb":null,"timeoutSeconds":null,"minInstances":null,"maxInstances":null,"ingressSettings":null,"concurrency":null,"serviceAccountEmail":null,"vpc":null,"platform":"gcfv2","labels":{},"callableTrigger":{},"entryPoint":"getSecurityAlerts"},"resolveSecurityAlert":{"availableMemoryMb":null,"timeoutSeconds":null,"minInstances":null,"maxInstances":null,"ingressSettings":null,"concurrency":null,"serviceAccountEmail":null,"vpc":null,"platform":"gcfv2","labels":{},"callableTrigger":{},"entryPoint":"resolveSecurityAlert"},"getBackupHistory":{"availableMemoryMb":null,"timeoutSeconds":null,"minInstances":null,"maxInstances":null,"ingressSettings":null,"concurrency":null,"serviceAccountEmail":null,"vpc":null,"platform":"gcfv2","labels":{},"callableTrigger":{},"entryPoint":"getBackupHistory"},"getRestoreHistory":{"availableMemoryMb":null,"timeoutSeconds":null,"minInstances":null,"maxInstances":null,"ingressSettings":null,"concurrency":null,"serviceAccountEmail":null,"vpc":null,"platform":"gcfv2","labels":{},"callableTrigger":{},"entryPoint":"getRestoreHistory"},"syncEmail":{"availableMemoryMb":null,"timeoutSeconds":null,"minInstances":null,"maxInstances":null,"ingressSettings":null,"concurrency":null,"serviceAccountEmail":null,"vpc":null,"platform":"gcfv2","labels":{},"callableTrigger":{},"entryPoint":"syncEmail"},"getSyncedEmails":{"availableMemoryMb":null,"timeoutSeconds":null,"minInstances":null,"maxInstances":null,"ingressSettings":null,"concurrency":null,"serviceAccountEmail":null,"vpc":null,"platform":"gcfv2","labels":{},"callableTrigger":{},"entryPoint":"getSyncedEmails"},"generateAIQuestions":{"availableMemoryMb":null,"timeoutSeconds":null,"minInstances":null,"maxInstances":null,"ingressSettings":null,"concurrency":null,"serviceAccountEmail":null,"vpc":null,"platform":"gcfv2","labels":{},"callableTrigger":{},"entryPoint":"generateAIQuestions"},"generateMarketingProposal":{"availableMemoryMb":null,"timeoutSeconds":null,"minInstances":null,"maxInstances":null,"ingressSettings":null,"concurrency":null,"serviceAccountEmail":null,"vpc":null,"platform":"gcfv2","labels":{},"callableTrigger":{},"entryPoint":"generateMarketingProposal"},"trackQRScan":{"availableMemoryMb":null,"timeoutSeconds":null,"minInstances":null,"maxInstances":null,"ingressSettings":null,"concurrency":null,"serviceAccountEmail":null,"vpc":null,"platform":"gcfv2","labels":{},"callableTrigger":{},"entryPoint":"trackQRScan"},"generateQRCode":{"availableMemoryMb":null,"timeoutSeconds":null,"minInstances":null,"maxInstances":null,"ingressSettings":null,"concurrency":null,"serviceAccountEmail":null,"vpc":null,"platform":"gcfv2","labels":{},"callableTrigger":{},"entryPoint":"generateQRCode"},"getQRAnalytics":{"availableMemoryMb":null,"timeoutSeconds":null,"minInstances":null,"maxInstances":null,"ingressSettings":null,"concurrency":null,"serviceAccountEmail":null,"vpc":null,"platform":"gcfv2","labels":{},"callableTrigger":{},"entryPoint":"getQRAnalytics"},"updateQRDestination":{"availableMemoryMb":null,"timeoutSeconds":null,"minInstances":null,"maxInstances":null,"ingressSettings":null,"concurrency":null,"serviceAccountEmail":null,"vpc":null,"platform":"gcfv2","labels":{},"callableTrigger":{},"entryPoint":"updateQRDestination"},"trackInteraction":{"availableMemoryMb":null,"timeoutSeconds":null,"minInstances":null,"maxInstances":null,"ingressSettings":null,"concurrency":null,"serviceAccountEmail":null,"vpc":null,"platform":"gcfv2","labels":{},"callableTrigger":{},"entryPoint":"trackInteraction"},"calculateMetrics":{"availableMemoryMb":null,"timeoutSeconds":null,"minInstances":null,"maxInstances":null,"ingressSettings":null,"concurrency":null,"serviceAccountEmail":null,"vpc":null,"platform":"gcfv2","labels":{},"callableTrigger":{},"entryPoint":"calculateMetrics"},"generateReport":{"availableMemoryMb":null,"timeoutSeconds":null,"minInstances":null,"maxInstances":null,"ingressSettings":null,"concurrency":null,"serviceAccountEmail":null,"vpc":null,"platform":"gcfv2","labels":{},"callableTrigger":{},"entryPoint":"generateReport"},"exportData":{"availableMemoryMb":null,"timeoutSeconds":null,"minInstances":null,"maxInstances":null,"ingressSettings":null,"concurrency":null,"serviceAccountEmail":null,"vpc":null,"platform":"gcfv2","labels":{},"callableTrigger":{},"entryPoint":"exportData"},"triggerSequence":{"availableMemoryMb":null,"timeoutSeconds":null,"minInstances":null,"maxInstances":null,"ingressSettings":null,"concurrency":null,"serviceAccountEmail":null,"vpc":null,"platform":"gcfv2","labels":{},"callableTrigger":{},"entryPoint":"triggerSequence"},"executeStep":{"availableMemoryMb":null,"timeoutSeconds":null,"minInstances":null,"maxInstances":null,"ingressSettings":null,"concurrency":null,"serviceAccountEmail":null,"vpc":null,"platform":"gcfv2","labels":{},"callableTrigger":{},"entryPoint":"executeStep"},"pauseSequence":{"availableMemoryMb":null,"timeoutSeconds":null,"minInstances":null,"maxInstances":null,"ingressSettings":null,"concurrency":null,"serviceAccountEmail":null,"vpc":null,"platform":"gcfv2","labels":{},"callableTrigger":{},"entryPoint":"pauseSequence"},"updateSequence":{"availableMemoryMb":null,"timeoutSeconds":null,"minInstances":null,"maxInstances":null,"ingressSettings":null,"concurrency":null,"serviceAccountEmail":null,"vpc":null,"platform":"gcfv2","labels":{},"callableTrigger":{},"entryPoint":"updateSequence"},"validateUser":{"availableMemoryMb":null,"timeoutSeconds":null,"minInstances":null,"maxInstances":null,"ingressSettings":null,"concurrency":null,"serviceAccountEmail":null,"vpc":null,"platform":"gcfv2","labels":{},"callableTrigger":{},"entryPoint":"validateUser"},"auditAction":{"availableMemoryMb":null,"timeoutSeconds":null,"minInstances":null,"maxInstances":null,"ingressSettings":null,"concurrency":null,"serviceAccountEmail":null,"vpc":null,"platform":"gcfv2","labels":{},"callableTrigger":{},"entryPoint":"auditAction"},"encryptData":{"availableMemoryMb":null,"timeoutSeconds":null,"minInstances":null,"maxInstances":null,"ingressSettings":null,"concurrency":null,"serviceAccountEmail":null,"vpc":null,"platform":"gcfv2","labels":{},"callableTrigger":{},"entryPoint":"encryptData"},"decryptData":{"availableMemoryMb":null,"timeoutSeconds":null,"minInstances":null,"maxInstances":null,"ingressSettings":null,"concurrency":null,"serviceAccountEmail":null,"vpc":null,"platform":"gcfv2","labels":{},"callableTrigger":{},"entryPoint":"decryptData"},"backupData":{"availableMemoryMb":null,"timeoutSeconds":null,"minInstances":null,"maxInstances":null,"ingressSettings":null,"concurrency":null,"serviceAccountEmail":null,"vpc":null,"platform":"gcfv2","labels":{},"callableTrigger":{},"entryPoint":"backupData"},"restoreData":{"availableMemoryMb":null,"timeoutSeconds":null,"minInstances":null,"maxInstances":null,"ingressSettings":null,"concurrency":null,"serviceAccountEmail":null,"vpc":null,"platform":"gcfv2","labels":{},"callableTrigger":{},"entryPoint":"restoreData"},"monitorSecurity":{"availableMemoryMb":null,"timeoutSeconds":null,"minInstances":null,"maxInstances":null,"ingressSettings":null,"concurrency":null,"serviceAccountEmail":null,"vpc":null,"platform":"gcfv2","labels":{},"callableTrigger":{},"entryPoint":"monitorSecurity"},"manageUserRole":{"availableMemoryMb":null,"timeoutSeconds":null,"minInstances":null,"maxInstances":null,"ingressSettings":null,"concurrency":null,"serviceAccountEmail":null,"vpc":null,"platform":"gcfv2","labels":{},"callableTrigger":{},"entryPoint":"manageUserRole"},"cleanupExpiredData":{"availableMemoryMb":null,"timeoutSeconds":null,"minInstances":null,"maxInstances":null,"ingressSettings":null,"concurrency":null,"serviceAccountEmail":null,"vpc":null,"platform":"gcfv2","labels":{},"callableTrigger":{},"entryPoint":"cleanupExpiredData"},"deleteUserData":{"availableMemoryMb":null,"timeoutSeconds":null,"minInstances":null,"maxInstances":null,"ingressSettings":null,"concurrency":null,"serviceAccountEmail":null,"vpc":null,"platform":"gcfv2","labels":{},"callableTrigger":{},"entryPoint":"deleteUserData"},"exportUserData":{"availableMemoryMb":null,"timeoutSeconds":null,"minInstances":null,"maxInstances":null,"ingressSettings":null,"concurrency":null,"serviceAccountEmail":null,"vpc":null,"platform":"gcfv2","labels":{},"callableTrigger":{},"entryPoint":"exportUserData"},"updateSecurityPolicy":{"availableMemoryMb":null,"timeoutSeconds":null,"minInstances":null,"maxInstances":null,"ingressSettings":null,"concurrency":null,"serviceAccountEmail":null,"vpc":null,"platform":"gcfv2","labels":{},"callableTrigger":{},"entryPoint":"updateSecurityPolicy"},"getSecurityPolicies":{"availableMemoryMb":null,"timeoutSeconds":null,"minInstances":null,"maxInstances":null,"ingressSettings":null,"concurrency":null,"serviceAccountEmail":null,"vpc":null,"platform":"gcfv2","labels":{},"callableTrigger":{},"entryPoint":"getSecurityPolicies"},"runSecurityChecks":{"availableMemoryMb":null,"timeoutSeconds":null,"minInstances":null,"maxInstances":null,"ingressSettings":null,"concurrency":null,"serviceAccountEmail":null,"vpc":null,"platform":"gcfv2","labels":{},"callableTrigger":{},"entryPoint":"runSecurityChecks"},"paypalWebhook":{"availableMemoryMb":null,"timeoutSeconds":null,"minInstances":null,"maxInstances":null,"ingressSettings":null,"concurrency":null,"serviceAccountEmail":null,"vpc":null,"platform":"gcfv2","labels":{},"httpsTrigger":{},"entryPoint":"paypalWebhook"},"scheduledBackup":{"availableMemoryMb":null,"timeoutSeconds":null,"minInstances":null,"maxInstances":null,"ingressSettings":null,"concurrency":null,"serviceAccountEmail":null,"vpc":null,"platform":"gcfv2","labels":{},"scheduleTrigger":{"schedule":"every 24 hours","retryConfig":{"retryCount":null,"maxDoublings":null,"maxRetrySeconds":null,"minBackoffSeconds":null,"maxBackoffSeconds":null},"timeZone":null},"entryPoint":"scheduledBackup"},"scheduledDataCleanup":{"availableMemoryMb":null,"timeoutSeconds":null,"minInstances":null,"maxInstances":null,"ingressSettings":null,"concurrency":null,"serviceAccountEmail":null,"vpc":null,"platform":"gcfv2","labels":{},"scheduleTrigger":{"schedule":"every 168 hours","retryConfig":{"retryCount":null,"maxDoublings":null,"maxRetrySeconds":null,"minBackoffSeconds":null,"maxBackoffSeconds":null},"timeZone":null},"entryPoint":"scheduledDataCleanup"},"scheduledSecurityCheck":{"availableMemoryMb":null,"timeoutSeconds":null,"minInstances":null,"maxInstances":null,"ingressSettings":null,"concurrency":null,"serviceAccountEmail":null,"vpc":null,"platform":"gcfv2","labels":{},"scheduleTrigger":{"schedule":"every 24 hours","retryConfig":{"retryCount":null,"maxDoublings":null,"maxRetrySeconds":null,"minBackoffSeconds":null,"maxBackoffSeconds":null},"timeZone":null},"entryPoint":"scheduledSecurityCheck"},"scheduledSecurityReport":{"availableMemoryMb":null,"timeoutSeconds":null,"minInstances":null,"maxInstances":null,"ingressSettings":null,"concurrency":null,"serviceAccountEmail":null,"vpc":null,"platform":"gcfv2","labels":{},"scheduleTrigger":{"schedule":"0 0 1 * *","retryConfig":{"retryCount":null,"maxDoublings":null,"maxRetrySeconds":null,"minBackoffSeconds":null,"maxBackoffSeconds":null},"timeZone":null},"entryPoint":"scheduledSecurityReport"},"createPayPalSubscription":{"availableMemoryMb":null,"timeoutSeconds":null,"minInstances":null,"maxInstances":null,"ingressSettings":null,"concurrency":null,"serviceAccountEmail":null,"vpc":null,"platform":"gcfv2","labels":{},"callableTrigger":{},"entryPoint":"createPayPalSubscription"},"cancelPayPalSubscription":{"availableMemoryMb":null,"timeoutSeconds":null,"minInstances":null,"maxInstances":null,"ingressSettings":null,"concurrency":null,"serviceAccountEmail":null,"vpc":null,"platform":"gcfv2","labels":{},"callableTrigger":{},"entryPoint":"cancelPayPalSubscription"},"upgradePayPalSubscription":{"availableMemoryMb":null,"timeoutSeconds":null,"minInstances":null,"maxInstances":null,"ingressSettings":null,"concurrency":null,"serviceAccountEmail":null,"vpc":null,"platform":"gcfv2","labels":{},"callableTrigger":{},"entryPoint":"upgradePayPalSubscription"},"generateVideoScript":{"availableMemoryMb":null,"timeoutSeconds":null,"minInstances":null,"maxInstances":null,"ingressSettings":null,"concurrency":null,"serviceAccountEmail":null,"vpc":null,"platform":"gcfv2","labels":{},"callableTrigger":{},"entryPoint":"generateVideoScript"},"generateText":{"availableMemoryMb":null,"timeoutSeconds":null,"minInstances":null,"maxInstances":null,"ingressSettings":null,"concurrency":null,"serviceAccountEmail":null,"vpc":null,"platform":"gcfv2","labels":{},"callableTrigger":{},"entryPoint":"generateText"}},"specVersion":"v1alpha1","requiredAPIs":[{"api":"cloudscheduler.googleapis.com","reason":"Needed for scheduled functions."}],"extensions":{}}
[info] ✔  functions: Loaded functions definitions from source: transcribeVoice, voiceChatResponse, generateSpeech, generatePropertyDescription, answerPropertyQuestion, continueConversation, getMarketAnalysis, generatePropertyReport, generateBlogPost, generateSocialPostText, getLocalInfo, uploadFile, processDocument, storeKnowledgeBase, deleteFile, getUserFiles, searchKnowledgeBase, processKnowledgeBase, updateAIContext, trainAIPersonality, getAIResponseWithContext, createAIPersonality, generateResponse, saveTemplate, applyTemplate, getUserTemplates, getUserPersonalities, sendEmail, scheduleEmail, getEmailTemplates, trackEmailMetrics, sendBulkEmail, getEmailAnalytics, getSecurityReports, getAuditLogs, getSecurityAlerts, resolveSecurityAlert, getBackupHistory, getRestoreHistory, syncEmail, getSyncedEmails, generateAIQuestions, generateMarketingProposal, trackQRScan, generateQRCode, getQRAnalytics, updateQRDestination, trackInteraction, calculateMetrics, generateReport, exportData, triggerSequence, executeStep, pauseSequence, updateSequence, validateUser, auditAction, encryptData, decryptData, backupData, restoreData, monitorSecurity, manageUserRole, cleanupExpiredData, deleteUserData, exportUserData, updateSecurityPolicy, getSecurityPolicies, runSecurityChecks, paypalWebhook, scheduledBackup, scheduledDataCleanup, scheduledSecurityCheck, scheduledSecurityReport, createPayPalSubscription, cancelPayPalSubscription, upgradePayPalSubscription, generateVideoScript, generateText. {"metadata":{"emulator":{"name":"functions"},"message":"Loaded functions definitions from source: transcribeVoice, voiceChatResponse, generateSpeech, generatePropertyDescription, answerPropertyQuestion, continueConversation, getMarketAnalysis, generatePropertyReport, generateBlogPost, generateSocialPostText, getLocalInfo, uploadFile, processDocument, storeKnowledgeBase, deleteFile, getUserFiles, searchKnowledgeBase, processKnowledgeBase, updateAIContext, trainAIPersonality, getAIResponseWithContext, createAIPersonality, generateResponse, saveTemplate, applyTemplate, getUserTemplates, getUserPersonalities, sendEmail, scheduleEmail, getEmailTemplates, trackEmailMetrics, sendBulkEmail, getEmailAnalytics, getSecurityReports, getAuditLogs, getSecurityAlerts, resolveSecurityAlert, getBackupHistory, getRestoreHistory, syncEmail, getSyncedEmails, generateAIQuestions, generateMarketingProposal, trackQRScan, generateQRCode, getQRAnalytics, updateQRDestination, trackInteraction, calculateMetrics, generateReport, exportData, triggerSequence, executeStep, pauseSequence, updateSequence, validateUser, auditAction, encryptData, decryptData, backupData, restoreData, monitorSecurity, manageUserRole, cleanupExpiredData, deleteUserData, exportUserData, updateSecurityPolicy, getSecurityPolicies, runSecurityChecks, paypalWebhook, scheduledBackup, scheduledDataCleanup, scheduledSecurityCheck, scheduledSecurityReport, createPayPalSubscription, cancelPayPalSubscription, upgradePayPalSubscription, generateVideoScript, generateText."}}
[info] ✔  functions[us-central1-transcribeVoice]: http function initialized (http://127.0.0.1:5001/home-listing-ai/us-central1/transcribeVoice). {"metadata":{"emulator":{"name":"functions"},"message":"\u001b[1mhttp\u001b[22m function initialized (http://127.0.0.1:5001/home-listing-ai/us-central1/transcribeVoice)."}}
[info] ✔  functions[us-central1-voiceChatResponse]: http function initialized (http://127.0.0.1:5001/home-listing-ai/us-central1/voiceChatResponse). {"metadata":{"emulator":{"name":"functions"},"message":"\u001b[1mhttp\u001b[22m function initialized (http://127.0.0.1:5001/home-listing-ai/us-central1/voiceChatResponse)."}}
[info] ✔  functions[us-central1-generateSpeech]: http function initialized (http://127.0.0.1:5001/home-listing-ai/us-central1/generateSpeech). {"metadata":{"emulator":{"name":"functions"},"message":"\u001b[1mhttp\u001b[22m function initialized (http://127.0.0.1:5001/home-listing-ai/us-central1/generateSpeech)."}}
[info] ✔  functions[us-central1-generatePropertyDescription]: http function initialized (http://127.0.0.1:5001/home-listing-ai/us-central1/generatePropertyDescription). {"metadata":{"emulator":{"name":"functions"},"message":"\u001b[1mhttp\u001b[22m function initialized (http://127.0.0.1:5001/home-listing-ai/us-central1/generatePropertyDescription)."}}
[info] ✔  functions[us-central1-answerPropertyQuestion]: http function initialized (http://127.0.0.1:5001/home-listing-ai/us-central1/answerPropertyQuestion). {"metadata":{"emulator":{"name":"functions"},"message":"\u001b[1mhttp\u001b[22m function initialized (http://127.0.0.1:5001/home-listing-ai/us-central1/answerPropertyQuestion)."}}
[info] ✔  functions[us-central1-continueConversation]: http function initialized (http://127.0.0.1:5001/home-listing-ai/us-central1/continueConversation). {"metadata":{"emulator":{"name":"functions"},"message":"\u001b[1mhttp\u001b[22m function initialized (http://127.0.0.1:5001/home-listing-ai/us-central1/continueConversation)."}}
[info] ✔  functions[us-central1-getMarketAnalysis]: http function initialized (http://127.0.0.1:5001/home-listing-ai/us-central1/getMarketAnalysis). {"metadata":{"emulator":{"name":"functions"},"message":"\u001b[1mhttp\u001b[22m function initialized (http://127.0.0.1:5001/home-listing-ai/us-central1/getMarketAnalysis)."}}
[info] ✔  functions[us-central1-generatePropertyReport]: http function initialized (http://127.0.0.1:5001/home-listing-ai/us-central1/generatePropertyReport). {"metadata":{"emulator":{"name":"functions"},"message":"\u001b[1mhttp\u001b[22m function initialized (http://127.0.0.1:5001/home-listing-ai/us-central1/generatePropertyReport)."}}
[info] ✔  functions[us-central1-generateBlogPost]: http function initialized (http://127.0.0.1:5001/home-listing-ai/us-central1/generateBlogPost). {"metadata":{"emulator":{"name":"functions"},"message":"\u001b[1mhttp\u001b[22m function initialized (http://127.0.0.1:5001/home-listing-ai/us-central1/generateBlogPost)."}}
[info] ✔  functions[us-central1-generateSocialPostText]: http function initialized (http://127.0.0.1:5001/home-listing-ai/us-central1/generateSocialPostText). {"metadata":{"emulator":{"name":"functions"},"message":"\u001b[1mhttp\u001b[22m function initialized (http://127.0.0.1:5001/home-listing-ai/us-central1/generateSocialPostText)."}}
[info] ✔  functions[us-central1-getLocalInfo]: http function initialized (http://127.0.0.1:5001/home-listing-ai/us-central1/getLocalInfo). {"metadata":{"emulator":{"name":"functions"},"message":"\u001b[1mhttp\u001b[22m function initialized (http://127.0.0.1:5001/home-listing-ai/us-central1/getLocalInfo)."}}
[info] ✔  functions[us-central1-uploadFile]: http function initialized (http://127.0.0.1:5001/home-listing-ai/us-central1/uploadFile). {"metadata":{"emulator":{"name":"functions"},"message":"\u001b[1mhttp\u001b[22m function initialized (http://127.0.0.1:5001/home-listing-ai/us-central1/uploadFile)."}}
[info] ✔  functions[us-central1-processDocument]: http function initialized (http://127.0.0.1:5001/home-listing-ai/us-central1/processDocument). {"metadata":{"emulator":{"name":"functions"},"message":"\u001b[1mhttp\u001b[22m function initialized (http://127.0.0.1:5001/home-listing-ai/us-central1/processDocument)."}}
[info] ✔  functions[us-central1-storeKnowledgeBase]: http function initialized (http://127.0.0.1:5001/home-listing-ai/us-central1/storeKnowledgeBase). {"metadata":{"emulator":{"name":"functions"},"message":"\u001b[1mhttp\u001b[22m function initialized (http://127.0.0.1:5001/home-listing-ai/us-central1/storeKnowledgeBase)."}}
[info] ✔  functions[us-central1-deleteFile]: http function initialized (http://127.0.0.1:5001/home-listing-ai/us-central1/deleteFile). {"metadata":{"emulator":{"name":"functions"},"message":"\u001b[1mhttp\u001b[22m function initialized (http://127.0.0.1:5001/home-listing-ai/us-central1/deleteFile)."}}
[info] ✔  functions[us-central1-getUserFiles]: http function initialized (http://127.0.0.1:5001/home-listing-ai/us-central1/getUserFiles). {"metadata":{"emulator":{"name":"functions"},"message":"\u001b[1mhttp\u001b[22m function initialized (http://127.0.0.1:5001/home-listing-ai/us-central1/getUserFiles)."}}
[info] ✔  functions[us-central1-searchKnowledgeBase]: http function initialized (http://127.0.0.1:5001/home-listing-ai/us-central1/searchKnowledgeBase). {"metadata":{"emulator":{"name":"functions"},"message":"\u001b[1mhttp\u001b[22m function initialized (http://127.0.0.1:5001/home-listing-ai/us-central1/searchKnowledgeBase)."}}
[info] ✔  functions[us-central1-processKnowledgeBase]: http function initialized (http://127.0.0.1:5001/home-listing-ai/us-central1/processKnowledgeBase). {"metadata":{"emulator":{"name":"functions"},"message":"\u001b[1mhttp\u001b[22m function initialized (http://127.0.0.1:5001/home-listing-ai/us-central1/processKnowledgeBase)."}}
[info] ✔  functions[us-central1-updateAIContext]: http function initialized (http://127.0.0.1:5001/home-listing-ai/us-central1/updateAIContext). {"metadata":{"emulator":{"name":"functions"},"message":"\u001b[1mhttp\u001b[22m function initialized (http://127.0.0.1:5001/home-listing-ai/us-central1/updateAIContext)."}}
[info] ✔  functions[us-central1-trainAIPersonality]: http function initialized (http://127.0.0.1:5001/home-listing-ai/us-central1/trainAIPersonality). {"metadata":{"emulator":{"name":"functions"},"message":"\u001b[1mhttp\u001b[22m function initialized (http://127.0.0.1:5001/home-listing-ai/us-central1/trainAIPersonality)."}}
[info] ✔  functions[us-central1-getAIResponseWithContext]: http function initialized (http://127.0.0.1:5001/home-listing-ai/us-central1/getAIResponseWithContext). {"metadata":{"emulator":{"name":"functions"},"message":"\u001b[1mhttp\u001b[22m function initialized (http://127.0.0.1:5001/home-listing-ai/us-central1/getAIResponseWithContext)."}}
[info] ✔  functions[us-central1-createAIPersonality]: http function initialized (http://127.0.0.1:5001/home-listing-ai/us-central1/createAIPersonality). {"metadata":{"emulator":{"name":"functions"},"message":"\u001b[1mhttp\u001b[22m function initialized (http://127.0.0.1:5001/home-listing-ai/us-central1/createAIPersonality)."}}
[info] ✔  functions[us-central1-generateResponse]: http function initialized (http://127.0.0.1:5001/home-listing-ai/us-central1/generateResponse). {"metadata":{"emulator":{"name":"functions"},"message":"\u001b[1mhttp\u001b[22m function initialized (http://127.0.0.1:5001/home-listing-ai/us-central1/generateResponse)."}}
[info] ✔  functions[us-central1-saveTemplate]: http function initialized (http://127.0.0.1:5001/home-listing-ai/us-central1/saveTemplate). {"metadata":{"emulator":{"name":"functions"},"message":"\u001b[1mhttp\u001b[22m function initialized (http://127.0.0.1:5001/home-listing-ai/us-central1/saveTemplate)."}}
[info] ✔  functions[us-central1-applyTemplate]: http function initialized (http://127.0.0.1:5001/home-listing-ai/us-central1/applyTemplate). {"metadata":{"emulator":{"name":"functions"},"message":"\u001b[1mhttp\u001b[22m function initialized (http://127.0.0.1:5001/home-listing-ai/us-central1/applyTemplate)."}}
[info] ✔  functions[us-central1-getUserTemplates]: http function initialized (http://127.0.0.1:5001/home-listing-ai/us-central1/getUserTemplates). {"metadata":{"emulator":{"name":"functions"},"message":"\u001b[1mhttp\u001b[22m function initialized (http://127.0.0.1:5001/home-listing-ai/us-central1/getUserTemplates)."}}
[info] ✔  functions[us-central1-getUserPersonalities]: http function initialized (http://127.0.0.1:5001/home-listing-ai/us-central1/getUserPersonalities). {"metadata":{"emulator":{"name":"functions"},"message":"\u001b[1mhttp\u001b[22m function initialized (http://127.0.0.1:5001/home-listing-ai/us-central1/getUserPersonalities)."}}
[info] ✔  functions[us-central1-sendEmail]: http function initialized (http://127.0.0.1:5001/home-listing-ai/us-central1/sendEmail). {"metadata":{"emulator":{"name":"functions"},"message":"\u001b[1mhttp\u001b[22m function initialized (http://127.0.0.1:5001/home-listing-ai/us-central1/sendEmail)."}}
[info] ✔  functions[us-central1-scheduleEmail]: http function initialized (http://127.0.0.1:5001/home-listing-ai/us-central1/scheduleEmail). {"metadata":{"emulator":{"name":"functions"},"message":"\u001b[1mhttp\u001b[22m function initialized (http://127.0.0.1:5001/home-listing-ai/us-central1/scheduleEmail)."}}
[info] ✔  functions[us-central1-getEmailTemplates]: http function initialized (http://127.0.0.1:5001/home-listing-ai/us-central1/getEmailTemplates). {"metadata":{"emulator":{"name":"functions"},"message":"\u001b[1mhttp\u001b[22m function initialized (http://127.0.0.1:5001/home-listing-ai/us-central1/getEmailTemplates)."}}
[info] ✔  functions[us-central1-trackEmailMetrics]: http function initialized (http://127.0.0.1:5001/home-listing-ai/us-central1/trackEmailMetrics). {"metadata":{"emulator":{"name":"functions"},"message":"\u001b[1mhttp\u001b[22m function initialized (http://127.0.0.1:5001/home-listing-ai/us-central1/trackEmailMetrics)."}}
[info] ✔  functions[us-central1-sendBulkEmail]: http function initialized (http://127.0.0.1:5001/home-listing-ai/us-central1/sendBulkEmail). {"metadata":{"emulator":{"name":"functions"},"message":"\u001b[1mhttp\u001b[22m function initialized (http://127.0.0.1:5001/home-listing-ai/us-central1/sendBulkEmail)."}}
[info] ✔  functions[us-central1-getEmailAnalytics]: http function initialized (http://127.0.0.1:5001/home-listing-ai/us-central1/getEmailAnalytics). {"metadata":{"emulator":{"name":"functions"},"message":"\u001b[1mhttp\u001b[22m function initialized (http://127.0.0.1:5001/home-listing-ai/us-central1/getEmailAnalytics)."}}
[info] ✔  functions[us-central1-getSecurityReports]: http function initialized (http://127.0.0.1:5001/home-listing-ai/us-central1/getSecurityReports). {"metadata":{"emulator":{"name":"functions"},"message":"\u001b[1mhttp\u001b[22m function initialized (http://127.0.0.1:5001/home-listing-ai/us-central1/getSecurityReports)."}}
[info] ✔  functions[us-central1-getAuditLogs]: http function initialized (http://127.0.0.1:5001/home-listing-ai/us-central1/getAuditLogs). {"metadata":{"emulator":{"name":"functions"},"message":"\u001b[1mhttp\u001b[22m function initialized (http://127.0.0.1:5001/home-listing-ai/us-central1/getAuditLogs)."}}
[info] ✔  functions[us-central1-getSecurityAlerts]: http function initialized (http://127.0.0.1:5001/home-listing-ai/us-central1/getSecurityAlerts). {"metadata":{"emulator":{"name":"functions"},"message":"\u001b[1mhttp\u001b[22m function initialized (http://127.0.0.1:5001/home-listing-ai/us-central1/getSecurityAlerts)."}}
[info] ✔  functions[us-central1-resolveSecurityAlert]: http function initialized (http://127.0.0.1:5001/home-listing-ai/us-central1/resolveSecurityAlert). {"metadata":{"emulator":{"name":"functions"},"message":"\u001b[1mhttp\u001b[22m function initialized (http://127.0.0.1:5001/home-listing-ai/us-central1/resolveSecurityAlert)."}}
[info] ✔  functions[us-central1-getBackupHistory]: http function initialized (http://127.0.0.1:5001/home-listing-ai/us-central1/getBackupHistory). {"metadata":{"emulator":{"name":"functions"},"message":"\u001b[1mhttp\u001b[22m function initialized (http://127.0.0.1:5001/home-listing-ai/us-central1/getBackupHistory)."}}
[info] ✔  functions[us-central1-getRestoreHistory]: http function initialized (http://127.0.0.1:5001/home-listing-ai/us-central1/getRestoreHistory). {"metadata":{"emulator":{"name":"functions"},"message":"\u001b[1mhttp\u001b[22m function initialized (http://127.0.0.1:5001/home-listing-ai/us-central1/getRestoreHistory)."}}
[info] ✔  functions[us-central1-syncEmail]: http function initialized (http://127.0.0.1:5001/home-listing-ai/us-central1/syncEmail). {"metadata":{"emulator":{"name":"functions"},"message":"\u001b[1mhttp\u001b[22m function initialized (http://127.0.0.1:5001/home-listing-ai/us-central1/syncEmail)."}}
[info] ✔  functions[us-central1-getSyncedEmails]: http function initialized (http://127.0.0.1:5001/home-listing-ai/us-central1/getSyncedEmails). {"metadata":{"emulator":{"name":"functions"},"message":"\u001b[1mhttp\u001b[22m function initialized (http://127.0.0.1:5001/home-listing-ai/us-central1/getSyncedEmails)."}}
[info] ✔  functions[us-central1-generateAIQuestions]: http function initialized (http://127.0.0.1:5001/home-listing-ai/us-central1/generateAIQuestions). {"metadata":{"emulator":{"name":"functions"},"message":"\u001b[1mhttp\u001b[22m function initialized (http://127.0.0.1:5001/home-listing-ai/us-central1/generateAIQuestions)."}}
[info] ✔  functions[us-central1-generateMarketingProposal]: http function initialized (http://127.0.0.1:5001/home-listing-ai/us-central1/generateMarketingProposal). {"metadata":{"emulator":{"name":"functions"},"message":"\u001b[1mhttp\u001b[22m function initialized (http://127.0.0.1:5001/home-listing-ai/us-central1/generateMarketingProposal)."}}
[info] ✔  functions[us-central1-trackQRScan]: http function initialized (http://127.0.0.1:5001/home-listing-ai/us-central1/trackQRScan). {"metadata":{"emulator":{"name":"functions"},"message":"\u001b[1mhttp\u001b[22m function initialized (http://127.0.0.1:5001/home-listing-ai/us-central1/trackQRScan)."}}
[info] ✔  functions[us-central1-generateQRCode]: http function initialized (http://127.0.0.1:5001/home-listing-ai/us-central1/generateQRCode). {"metadata":{"emulator":{"name":"functions"},"message":"\u001b[1mhttp\u001b[22m function initialized (http://127.0.0.1:5001/home-listing-ai/us-central1/generateQRCode)."}}
[info] ✔  functions[us-central1-getQRAnalytics]: http function initialized (http://127.0.0.1:5001/home-listing-ai/us-central1/getQRAnalytics). {"metadata":{"emulator":{"name":"functions"},"message":"\u001b[1mhttp\u001b[22m function initialized (http://127.0.0.1:5001/home-listing-ai/us-central1/getQRAnalytics)."}}
[info] ✔  functions[us-central1-updateQRDestination]: http function initialized (http://127.0.0.1:5001/home-listing-ai/us-central1/updateQRDestination). {"metadata":{"emulator":{"name":"functions"},"message":"\u001b[1mhttp\u001b[22m function initialized (http://127.0.0.1:5001/home-listing-ai/us-central1/updateQRDestination)."}}
[info] ✔  functions[us-central1-trackInteraction]: http function initialized (http://127.0.0.1:5001/home-listing-ai/us-central1/trackInteraction). {"metadata":{"emulator":{"name":"functions"},"message":"\u001b[1mhttp\u001b[22m function initialized (http://127.0.0.1:5001/home-listing-ai/us-central1/trackInteraction)."}}
[info] ✔  functions[us-central1-calculateMetrics]: http function initialized (http://127.0.0.1:5001/home-listing-ai/us-central1/calculateMetrics). {"metadata":{"emulator":{"name":"functions"},"message":"\u001b[1mhttp\u001b[22m function initialized (http://127.0.0.1:5001/home-listing-ai/us-central1/calculateMetrics)."}}
[info] ✔  functions[us-central1-generateReport]: http function initialized (http://127.0.0.1:5001/home-listing-ai/us-central1/generateReport). {"metadata":{"emulator":{"name":"functions"},"message":"\u001b[1mhttp\u001b[22m function initialized (http://127.0.0.1:5001/home-listing-ai/us-central1/generateReport)."}}
[info] ✔  functions[us-central1-exportData]: http function initialized (http://127.0.0.1:5001/home-listing-ai/us-central1/exportData). {"metadata":{"emulator":{"name":"functions"},"message":"\u001b[1mhttp\u001b[22m function initialized (http://127.0.0.1:5001/home-listing-ai/us-central1/exportData)."}}
[info] ✔  functions[us-central1-triggerSequence]: http function initialized (http://127.0.0.1:5001/home-listing-ai/us-central1/triggerSequence). {"metadata":{"emulator":{"name":"functions"},"message":"\u001b[1mhttp\u001b[22m function initialized (http://127.0.0.1:5001/home-listing-ai/us-central1/triggerSequence)."}}
[info] ✔  functions[us-central1-executeStep]: http function initialized (http://127.0.0.1:5001/home-listing-ai/us-central1/executeStep). {"metadata":{"emulator":{"name":"functions"},"message":"\u001b[1mhttp\u001b[22m function initialized (http://127.0.0.1:5001/home-listing-ai/us-central1/executeStep)."}}
[info] ✔  functions[us-central1-pauseSequence]: http function initialized (http://127.0.0.1:5001/home-listing-ai/us-central1/pauseSequence). {"metadata":{"emulator":{"name":"functions"},"message":"\u001b[1mhttp\u001b[22m function initialized (http://127.0.0.1:5001/home-listing-ai/us-central1/pauseSequence)."}}
[info] ✔  functions[us-central1-updateSequence]: http function initialized (http://127.0.0.1:5001/home-listing-ai/us-central1/updateSequence). {"metadata":{"emulator":{"name":"functions"},"message":"\u001b[1mhttp\u001b[22m function initialized (http://127.0.0.1:5001/home-listing-ai/us-central1/updateSequence)."}}
[info] ✔  functions[us-central1-validateUser]: http function initialized (http://127.0.0.1:5001/home-listing-ai/us-central1/validateUser). {"metadata":{"emulator":{"name":"functions"},"message":"\u001b[1mhttp\u001b[22m function initialized (http://127.0.0.1:5001/home-listing-ai/us-central1/validateUser)."}}
[info] ✔  functions[us-central1-auditAction]: http function initialized (http://127.0.0.1:5001/home-listing-ai/us-central1/auditAction). {"metadata":{"emulator":{"name":"functions"},"message":"\u001b[1mhttp\u001b[22m function initialized (http://127.0.0.1:5001/home-listing-ai/us-central1/auditAction)."}}
[info] ✔  functions[us-central1-encryptData]: http function initialized (http://127.0.0.1:5001/home-listing-ai/us-central1/encryptData). {"metadata":{"emulator":{"name":"functions"},"message":"\u001b[1mhttp\u001b[22m function initialized (http://127.0.0.1:5001/home-listing-ai/us-central1/encryptData)."}}
[info] ✔  functions[us-central1-decryptData]: http function initialized (http://127.0.0.1:5001/home-listing-ai/us-central1/decryptData). {"metadata":{"emulator":{"name":"functions"},"message":"\u001b[1mhttp\u001b[22m function initialized (http://127.0.0.1:5001/home-listing-ai/us-central1/decryptData)."}}
[info] ✔  functions[us-central1-backupData]: http function initialized (http://127.0.0.1:5001/home-listing-ai/us-central1/backupData). {"metadata":{"emulator":{"name":"functions"},"message":"\u001b[1mhttp\u001b[22m function initialized (http://127.0.0.1:5001/home-listing-ai/us-central1/backupData)."}}
[info] ✔  functions[us-central1-restoreData]: http function initialized (http://127.0.0.1:5001/home-listing-ai/us-central1/restoreData). {"metadata":{"emulator":{"name":"functions"},"message":"\u001b[1mhttp\u001b[22m function initialized (http://127.0.0.1:5001/home-listing-ai/us-central1/restoreData)."}}
[info] ✔  functions[us-central1-monitorSecurity]: http function initialized (http://127.0.0.1:5001/home-listing-ai/us-central1/monitorSecurity). {"metadata":{"emulator":{"name":"functions"},"message":"\u001b[1mhttp\u001b[22m function initialized (http://127.0.0.1:5001/home-listing-ai/us-central1/monitorSecurity)."}}
[info] ✔  functions[us-central1-manageUserRole]: http function initialized (http://127.0.0.1:5001/home-listing-ai/us-central1/manageUserRole). {"metadata":{"emulator":{"name":"functions"},"message":"\u001b[1mhttp\u001b[22m function initialized (http://127.0.0.1:5001/home-listing-ai/us-central1/manageUserRole)."}}
[info] ✔  functions[us-central1-cleanupExpiredData]: http function initialized (http://127.0.0.1:5001/home-listing-ai/us-central1/cleanupExpiredData). {"metadata":{"emulator":{"name":"functions"},"message":"\u001b[1mhttp\u001b[22m function initialized (http://127.0.0.1:5001/home-listing-ai/us-central1/cleanupExpiredData)."}}
[info] ✔  functions[us-central1-deleteUserData]: http function initialized (http://127.0.0.1:5001/home-listing-ai/us-central1/deleteUserData). {"metadata":{"emulator":{"name":"functions"},"message":"\u001b[1mhttp\u001b[22m function initialized (http://127.0.0.1:5001/home-listing-ai/us-central1/deleteUserData)."}}
[info] ✔  functions[us-central1-exportUserData]: http function initialized (http://127.0.0.1:5001/home-listing-ai/us-central1/exportUserData). {"metadata":{"emulator":{"name":"functions"},"message":"\u001b[1mhttp\u001b[22m function initialized (http://127.0.0.1:5001/home-listing-ai/us-central1/exportUserData)."}}
[info] ✔  functions[us-central1-updateSecurityPolicy]: http function initialized (http://127.0.0.1:5001/home-listing-ai/us-central1/updateSecurityPolicy). {"metadata":{"emulator":{"name":"functions"},"message":"\u001b[1mhttp\u001b[22m function initialized (http://127.0.0.1:5001/home-listing-ai/us-central1/updateSecurityPolicy)."}}
[info] ✔  functions[us-central1-getSecurityPolicies]: http function initialized (http://127.0.0.1:5001/home-listing-ai/us-central1/getSecurityPolicies). {"metadata":{"emulator":{"name":"functions"},"message":"\u001b[1mhttp\u001b[22m function initialized (http://127.0.0.1:5001/home-listing-ai/us-central1/getSecurityPolicies)."}}
[info] ✔  functions[us-central1-runSecurityChecks]: http function initialized (http://127.0.0.1:5001/home-listing-ai/us-central1/runSecurityChecks). {"metadata":{"emulator":{"name":"functions"},"message":"\u001b[1mhttp\u001b[22m function initialized (http://127.0.0.1:5001/home-listing-ai/us-central1/runSecurityChecks)."}}
[info] ✔  functions[us-central1-paypalWebhook]: http function initialized (http://127.0.0.1:5001/home-listing-ai/us-central1/paypalWebhook). {"metadata":{"emulator":{"name":"functions"},"message":"\u001b[1mhttp\u001b[22m function initialized (http://127.0.0.1:5001/home-listing-ai/us-central1/paypalWebhook)."}}
[info] i  functions[us-central1-scheduledBackup]: function ignored because the pubsub emulator does not exist or is not running. {"metadata":{"emulator":{"name":"functions"},"message":"function ignored because the pubsub emulator does not exist or is not running."}}
[info] i  functions[us-central1-scheduledDataCleanup]: function ignored because the pubsub emulator does not exist or is not running. {"metadata":{"emulator":{"name":"functions"},"message":"function ignored because the pubsub emulator does not exist or is not running."}}
[info] i  functions[us-central1-scheduledSecurityCheck]: function ignored because the pubsub emulator does not exist or is not running. {"metadata":{"emulator":{"name":"functions"},"message":"function ignored because the pubsub emulator does not exist or is not running."}}
[info] i  functions[us-central1-scheduledSecurityReport]: function ignored because the pubsub emulator does not exist or is not running. {"metadata":{"emulator":{"name":"functions"},"message":"function ignored because the pubsub emulator does not exist or is not running."}}
[info] ✔  functions[us-central1-createPayPalSubscription]: http function initialized (http://127.0.0.1:5001/home-listing-ai/us-central1/createPayPalSubscription). {"metadata":{"emulator":{"name":"functions"},"message":"\u001b[1mhttp\u001b[22m function initialized (http://127.0.0.1:5001/home-listing-ai/us-central1/createPayPalSubscription)."}}
[info] ✔  functions[us-central1-cancelPayPalSubscription]: http function initialized (http://127.0.0.1:5001/home-listing-ai/us-central1/cancelPayPalSubscription). {"metadata":{"emulator":{"name":"functions"},"message":"\u001b[1mhttp\u001b[22m function initialized (http://127.0.0.1:5001/home-listing-ai/us-central1/cancelPayPalSubscription)."}}
[info] ✔  functions[us-central1-upgradePayPalSubscription]: http function initialized (http://127.0.0.1:5001/home-listing-ai/us-central1/upgradePayPalSubscription). {"metadata":{"emulator":{"name":"functions"},"message":"\u001b[1mhttp\u001b[22m function initialized (http://127.0.0.1:5001/home-listing-ai/us-central1/upgradePayPalSubscription)."}}
[info] ✔  functions[us-central1-generateVideoScript]: http function initialized (http://127.0.0.1:5001/home-listing-ai/us-central1/generateVideoScript). {"metadata":{"emulator":{"name":"functions"},"message":"\u001b[1mhttp\u001b[22m function initialized (http://127.0.0.1:5001/home-listing-ai/us-central1/generateVideoScript)."}}
[info] ✔  functions[us-central1-generateText]: http function initialized (http://127.0.0.1:5001/home-listing-ai/us-central1/generateText). {"metadata":{"emulator":{"name":"functions"},"message":"\u001b[1mhttp\u001b[22m function initialized (http://127.0.0.1:5001/home-listing-ai/us-central1/generateText)."}}
[debug] [2025-08-17T05:19:04.210Z] Could not find VSCode notification endpoint: FetchError: request to http://localhost:40001/vscode/notify failed, reason: . If you are not running the Firebase Data Connect VSCode extension, this is expected and not an issue.
[info] 
┌─────────────────────────────────────────────────────────────┐
│ ✔  All emulators ready! It is now safe to connect your app. │
│ i  View Emulator UI at http://127.0.0.1:4000/               │
└─────────────────────────────────────────────────────────────┘

┌───────────┬────────────────┬─────────────────────────────────┐
│ Emulator  │ Host:Port      │ View in Emulator UI             │
├───────────┼────────────────┼─────────────────────────────────┤
│ Functions │ 127.0.0.1:5001 │ http://127.0.0.1:4000/functions │
└───────────┴────────────────┴─────────────────────────────────┘
  Emulator Hub host: 127.0.0.1 port: 4400
  Other reserved ports: 4500

Issues? Report them at https://github.com/firebase/firebase-tools/issues and attach the *-debug.log files.
 
[debug] [2025-08-17T05:19:52.955Z] Functions emulator received unknown request at path /
[debug] [2025-08-17T05:19:52.980Z] Functions emulator received unknown request at path /favicon.ico
