[dotenv@17.2.3] injecting env (0) from .env.local -- tip: 🔐 encrypt with Dotenvx: https://dotenvx.com
[dotenv@17.2.3] injecting env (57) from .env -- tip: 👥 sync secrets across teammates & machines: https://dotenvx.com/ops
[dotenv@17.2.3] injecting env (0) from backend/.env.local -- tip: 🗂️ backup and recover secrets: https://dotenvx.com/ops
[dotenv@17.2.3] injecting env (0) from .env -- tip: 👥 sync secrets across teammates & machines: https://dotenvx.com/ops
[server] has service role? true
⚡ [Funnel Engine] Scheduler started (60s interval).
[Server] Registering AI Sidekick routes
🚀 AI Server running on http://0.0.0.0:3002
📝 Available endpoints:
   POST /api/continue-conversation
   POST /api/generate-speech
   POST /api/realtime/offer
   GET  /api/admin/dashboard-metrics
   GET  /api/admin/users
   POST /api/admin/users
   PUT  /api/admin/users/:userId
   DELETE /api/admin/users/:userId
   POST /api/admin/broadcast
   GET  /api/admin/broadcast-history
   GET  /api/admin/performance
   GET  /api/admin/settings
   POST /api/admin/settings
   GET  /api/admin/alerts
   POST /api/admin/alerts/:alertId/acknowledge
   POST /api/training/feedback
   GET  /api/training/feedback/:sidekick
   GET  /api/training/insights/:sidekick
   POST /api/admin/maintenance
   GET  /api/admin/ai-model
   POST /api/admin/ai-model
   GET  /api/admin/leads
   POST /api/admin/leads
   PUT  /api/admin/leads/:leadId
   DELETE /api/admin/leads/:leadId
   GET  /api/admin/leads/stats
   GET  /api/admin/marketing/sequences
   POST /api/admin/marketing/sequences
   PUT  /api/admin/marketing/sequences/:sequenceId
   DELETE /api/admin/marketing/sequences/:sequenceId
   GET  /api/admin/marketing/active-followups
   GET  /api/admin/marketing/qr-codes
   POST /api/admin/marketing/qr-codes
   PUT  /api/admin/marketing/qr-codes/:qrCodeId
   DELETE /api/admin/marketing/qr-codes/:qrCodeId
   GET  /api/blog
   GET  /api/blog/:slug
   POST /api/blog
   🎯 LEAD SCORING ENDPOINTS:
   POST /api/leads/:leadId/score
   GET  /api/leads/:leadId/score
   POST /api/leads/score-all
   GET  /api/leads/scoring-rules
   💬 CONVERSATION ENDPOINTS:
   POST /api/conversations
   GET  /api/conversations
   GET  /api/conversations/:conversationId/messages
   POST /api/conversations/:conversationId/messages
   PUT  /api/conversations/:conversationId
   GET  /api/conversations/export/csv
   🎴 AI CARD ENDPOINTS:
   GET  /api/ai-card/profile
   POST /api/ai-card/profile
   PUT  /api/ai-card/profile
   POST /api/ai-card/generate-qr
   POST /api/ai-card/share
   GET  /api/ai-card/qr-codes
   POST /api/ai-card/qr-codes
   PUT  /api/ai-card/qr-codes/:qrId
   DELETE /api/ai-card/qr-codes/:qrId
   DELETE /api/conversations/:conversationId
   📅 APPOINTMENT ENDPOINTS:
   GET  /api/appointments
   POST /api/appointments
   PUT  /api/appointments/:appointmentId
   DELETE /api/appointments/:appointmentId
   🏠 LISTING ENDPOINTS:
   GET  /api/listings
   POST /api/listings
   PUT  /api/listings/:listingId
   DELETE /api/listings/:listingId
   GET  /api/listings/:listingId/marketing
   👮 ADMIN LISTINGS ENDPOINTS:
   GET  /api/admin/listings
   POST /api/admin/listings
   DELETE /api/admin/listings/:id
[Leads] Cache primed with 16 record(s).
[FunnelExecutor] Failed to fetch enrollments: gateway error: Error: Network connection lost.
